[informacoesconfirmadas.shop/index.html]
[backblue.gif]
[fade.gif]
[index.html]
[informacoesconfirmadas.shop/css23585]
[cdn.utmify.com.br/scripts/pixel/pixel.js]
[cdn.utmify.com.br/scripts/utms/latest.js]
[informacoesconfirmadas.shop/053Pbb0T/image.png]
[informacoesconfirmadas.shop/TPNQxyZN/image.png]
[informacoesconfirmadas.shop/cadastro.html]
[informacoesconfirmadas.shop/fLHTJpW9/entregador-1.jpg]
[informacoesconfirmadas.shop/SKxKkmky/entregador-1-co-pia.jpg]
[informacoesconfirmadas.shop/index.html]
[informacoesconfirmadas.shop/css23585.html]
[informacoesconfirmadas.shop/cadastrod41d.html]
[informacoesconfirmadas.shop/ncTDN8bn/CARRO.png]
[informacoesconfirmadas.shop/nzvskgGJ/MOTO.png]
[informacoesconfirmadas.shop/cadastro.html]
[informacoesconfirmadas.shop/cadastrod41d.html]
[informacoesconfirmadas.shop/municipiosd41d.html]
[informacoesconfirmadas.shop/scripts/utms/latest-1.js]
[informacoesconfirmadas.shop/css2-13585]
[informacoesconfirmadas.shop/053Pbb0T/image-1.png]
[informacoesconfirmadas.shop/MG1K2RMB/MOTORISTA.png]
[informacoesconfirmadas.shop/municipiosd41d.html]
[informacoesconfirmadas.shop/scripts/utms/latest-1.html]
[informacoesconfirmadas.shop/css2-13585.html]
[informacoesconfirmadas.shop/recebord41d.html]
[informacoesconfirmadas.shop/scripts/utms/latest-2.js]
[informacoesconfirmadas.shop/css2-23585]
[informacoesconfirmadas.shop/053Pbb0T/image-2.png]
[informacoesconfirmadas.shop/MG1K2RMB/MOTORISTA-1.png]
[informacoesconfirmadas.shop/fluent/512/pix.png]
[informacoesconfirmadas.shop/recebord41d.html]
[informacoesconfirmadas.shop/scripts/utms/latest-2.html]
[informacoesconfirmadas.shop/css2-23585.html]
[informacoesconfirmadas.shop/entregad41d.html]
[informacoesconfirmadas.shop/scripts/utms/latest-3.js]
[informacoesconfirmadas.shop/css2-33585]
[informacoesconfirmadas.shop/053Pbb0T/image-3.png]
[informacoesconfirmadas.shop/MG1K2RMB/MOTORISTA-2.png]
[informacoesconfirmadas.shop/J49Lr0WZ/ROUPA.png]
[informacoesconfirmadas.shop/entregad41d.html]
[informacoesconfirmadas.shop/scripts/utms/latest-3.html]
[informacoesconfirmadas.shop/css2-33585.html]
[informacoesconfirmadas.shop/finalizacaod41d.html]
[informacoesconfirmadas.shop/scripts/utms/latest-4.js]
[informacoesconfirmadas.shop/css2-43585]
[informacoesconfirmadas.shop/053Pbb0T/image-4.png]
[informacoesconfirmadas.shop/MG1K2RMB/MOTORISTA-3.png]
[informacoesconfirmadas.shop/J49Lr0WZ/ROUPA-1.png]
[informacoesconfirmadas.shop/finalizacaod41d.html]
[informacoesconfirmadas.shop/scripts/utms/latest-4.html]
[informacoesconfirmadas.shop/css2-43585.html]
